DEBUG:peewee:('SELECT table_name FROM information_schema.tables WHERE table_schema = DATABASE() AND table_type != %s ORDER BY table_name', ('VIEW',))
DEBUG:peewee:('SELECT table_name FROM information_schema.tables WHERE table_schema = DATABASE() AND table_type != %s ORDER BY table_name', ('VIEW',))
DEBUG:peewee:('SELECT table_name FROM information_schema.tables WHERE table_schema = DATABASE() AND table_type != %s ORDER BY table_name', ('VIEW',))
DEBUG:peewee:('SELECT table_name FROM information_schema.tables WHERE table_schema = DATABASE() AND table_type != %s ORDER BY table_name', ('VIEW',))
WARNING:flask_cors.core:Unknown option passed to Flask-CORS: headers
WARNING:flask_cors.core:Unknown option passed to Flask-CORS: headers
WARNING:werkzeug: * Debugger is active!
INFO:werkzeug: * Debugger PIN: 103-884-993
INFO:werkzeug: * Detected chINFO:werkzeug: * Restarting with stat
.py', reloading
DEBUG:peewee:('SELECT table_name FROM information_schema.tables WHERE table_schema = DATABASE() AND table_type != %s ORDER BY table_name', ('VIEW',))
DEBUG:peewee:('SELECT table_name FROM information_schema.tables WHERE table_schema = DATABASE() AND table_type != %s ORDER BY table_name', ('VIEW',))
DEBUG:peewee:('SELECT table_name FROM information_schema.tables WHERE table_schema = DATABASE() AND table_type != %s ORDER BY table_name', ('VIEW',))
DEBUG:peewee:('SELECT table_name FROM information_schema.tables WHERE table_schema = DATABASE() AND table_type != %s ORDER BY table_name', ('VIEW',))
WARNING:flask_cors.core:Unknown option passed to Flask-CORS: headers
WARNING:flask_cors.core:Unknown option passed to Flask-CORS: headers
WARNING:werkzeug: * Debugger is active!
INFO:werkzeug: * Debugger PIN: 103-884-993
DEBUG:peewee:('SELECT table_name FROM information_schema.tables WHERE table_schema = DATABASE() AND table_type != %s ORDER BY table_name', ('VIEW',))
DEBUG:peewee:('SELECT table_name FROM information_schema.tables WHERE table_schema = DATABASE() AND table_type != %s ORDER BY table_name', ('VIEW',))
DEBUG:peewee:('SELECT table_name FROM information_schema.tables WHERE table_schema = DATABASE() AND table_type != %s ORDER BY table_name', ('VIEW',))
DEBUG:peewee:('SELECT table_name FROM information_schema.tables WHERE table_schema = DATABASE() AND table_type != %s ORDER BY table_name', ('VIEW',))
WARNING:flask_cors.core:Unknown option passed to Flask-CORS: headers
WARNING:flask_cors.core:Unknown option passed to Flask-CORS: headers
INFO:werkzeug: * Running on http://127.0.0.1:5000 (Press CTRL+C to quit)
INFO:werkzeug: * Restarting with stat
DEBUG:peewee:('SELECT table_name FROM information_schema.tables WHERE table_schema = DATABASE() AND table_type != %s ORDER BY table_name', ('VIEW',))
DEBUG:peewee:('SELECT table_name FROM information_schema.tables WHERE table_schema = DATABASE() AND table_type != %s ORDER BY table_name', ('VIEW',))
DEBUG:peewee:('SELECT table_name FROM information_schema.tables WHERE table_schema = DATABASE() AND table_type != %s ORDER BY table_name', ('VIEW',))
DEBUG:peewee:('SELECT table_name FROM information_schema.tables WHERE table_schema = DATABASE() AND table_type != %s ORDER BY table_name', ('VIEW',))
WARNING:flask_cors.core:Unknown option passed to Flask-CORS: headers
WARNING:flask_cors.core:Unknown option passed to Flask-CORS: headers
WARNING:werkzeug: * Debugger is active!
INFO:werkzeug: * Debugger PIN: 103-884-993
INFO:werkzeug: * Detected change in '/home/mironov/BEIS/server/app.py', reloading
INFO:werkzeug: * Restarting with stat
WARNING:flask_cors.core:Unknown option passed to Flask-CORS: headers
WARNING:flask_cors.core:Unknown option passed to Flask-CORS: headers
WARNING:werkzeug: * Debugger is active!
INFO:werkzeug: * Debugger PIN: 103-884-993
WARNING:flask_cors.core:Unknown option passed to Flask-CORS: headers
WARNING:flask_cors.core:Unknown option passed to Flask-CORS: headers
INFO:werkzeug: * Running on http://127.0.0.1:5000 (Press CTRL+C to quit)
INFO:werkzeug: * Restarting with stat
WARNING:flask_cors.core:Unknown option passed to Flask-CORS: headers
WARNING:flask_cors.core:Unknown option passed to Flask-CORS: headers
WARNING:werkzeug: * Debugger is active!
INFO:werkzeug: * Debugger PIN: 103-884-993
INFO:werkzeug: * Detected change in '/home/mironov/BEIS/server/app.py', reloading
INFO:werkzeug: * Restarting with stat
